[0.977s] Invoking command in '/home/eduardo/Desktop/assignment/Robotics-Group-10/my_package': DEBUGINFOD_URLS=https://debuginfod.ubuntu.com PYTHONPATH=/home/eduardo/Desktop/assignment/Robotics-Group-10/build/my_package/prefix_override:/usr/lib/python3/dist-packages/colcon_core/task/python/colcon_distutils_commands:/home/eduardo/Desktop/assignment/Robotics-Group-10/install/my_package/lib/python3.12/site-packages:${PYTHONPATH} /usr/bin/python3 -W ignore:setup.py install is deprecated setup.py egg_info --egg-base ../build/my_package build --build-base /home/eduardo/Desktop/assignment/Robotics-Group-10/build/my_package/build install --record /home/eduardo/Desktop/assignment/Robotics-Group-10/build/my_package/install.log --single-version-externally-managed install_data
[1.266s] running egg_info
[1.297s] writing ../build/my_package/my_package.egg-info/PKG-INFO
[1.297s] writing dependency_links to ../build/my_package/my_package.egg-info/dependency_links.txt
[1.299s] writing entry points to ../build/my_package/my_package.egg-info/entry_points.txt
[1.299s] writing requirements to ../build/my_package/my_package.egg-info/requires.txt
[1.299s] writing top-level names to ../build/my_package/my_package.egg-info/top_level.txt
[1.340s] reading manifest file '../build/my_package/my_package.egg-info/SOURCES.txt'
[1.340s] adding license file 'LICENSE'
[1.341s] writing manifest file '../build/my_package/my_package.egg-info/SOURCES.txt'
[1.342s] running build
[1.342s] running build_py
[1.342s] copying my_package/stationary_scan_node.py -> /home/eduardo/Desktop/assignment/Robotics-Group-10/build/my_package/build/lib/my_package
[1.343s] running install
[1.349s] running install_lib
[1.375s] copying /home/eduardo/Desktop/assignment/Robotics-Group-10/build/my_package/build/lib/my_package/stationary_scan_node.py -> /home/eduardo/Desktop/assignment/Robotics-Group-10/install/my_package/lib/python3.12/site-packages/my_package
[1.376s] byte-compiling /home/eduardo/Desktop/assignment/Robotics-Group-10/install/my_package/lib/python3.12/site-packages/my_package/stationary_scan_node.py to stationary_scan_node.cpython-312.pyc
[1.377s] running install_data
[1.377s] copying worlds/my_world.wbt -> /home/eduardo/Desktop/assignment/Robotics-Group-10/install/my_package/share/my_package/worlds
[1.378s] running install_egg_info
[1.403s] removing '/home/eduardo/Desktop/assignment/Robotics-Group-10/install/my_package/lib/python3.12/site-packages/my_package-0.0.0-py3.12.egg-info' (and everything under it)
[1.403s] Copying ../build/my_package/my_package.egg-info to /home/eduardo/Desktop/assignment/Robotics-Group-10/install/my_package/lib/python3.12/site-packages/my_package-0.0.0-py3.12.egg-info
[1.405s] running install_scripts
[1.574s] Installing my_robot_driver script to /home/eduardo/Desktop/assignment/Robotics-Group-10/install/my_package/lib/my_package
[1.575s] writing list of installed files to '/home/eduardo/Desktop/assignment/Robotics-Group-10/build/my_package/install.log'
[1.614s] Invoked command in '/home/eduardo/Desktop/assignment/Robotics-Group-10/my_package' returned '0': DEBUGINFOD_URLS=https://debuginfod.ubuntu.com PYTHONPATH=/home/eduardo/Desktop/assignment/Robotics-Group-10/build/my_package/prefix_override:/usr/lib/python3/dist-packages/colcon_core/task/python/colcon_distutils_commands:/home/eduardo/Desktop/assignment/Robotics-Group-10/install/my_package/lib/python3.12/site-packages:${PYTHONPATH} /usr/bin/python3 -W ignore:setup.py install is deprecated setup.py egg_info --egg-base ../build/my_package build --build-base /home/eduardo/Desktop/assignment/Robotics-Group-10/build/my_package/build install --record /home/eduardo/Desktop/assignment/Robotics-Group-10/build/my_package/install.log --single-version-externally-managed install_data
