[3.166s] Invoking command in '/home/eduardo/Desktop/assignment/Robotics-Group-10/my_package': DEBUGINFOD_URLS=https://debuginfod.ubuntu.com PYTHONPATH=/home/eduardo/Desktop/assignment/Robotics-Group-10/my_package/build/my_package/prefix_override:/usr/lib/python3/dist-packages/colcon_core/task/python/colcon_distutils_commands:/home/eduardo/Desktop/assignment/Robotics-Group-10/my_package/install/my_package/lib/python3.12/site-packages:${PYTHONPATH} /usr/bin/python3 -W ignore:setup.py install is deprecated setup.py egg_info --egg-base build/my_package build --build-base /home/eduardo/Desktop/assignment/Robotics-Group-10/my_package/build/my_package/build install --record /home/eduardo/Desktop/assignment/Robotics-Group-10/my_package/build/my_package/install.log --single-version-externally-managed install_data
[3.827s] running egg_info
[3.827s] creating build/my_package/my_package.egg-info
[3.881s] writing build/my_package/my_package.egg-info/PKG-INFO
[3.882s] writing dependency_links to build/my_package/my_package.egg-info/dependency_links.txt
[3.883s] writing entry points to build/my_package/my_package.egg-info/entry_points.txt
[3.884s] writing requirements to build/my_package/my_package.egg-info/requires.txt
[3.884s] writing top-level names to build/my_package/my_package.egg-info/top_level.txt
[3.885s] writing manifest file 'build/my_package/my_package.egg-info/SOURCES.txt'
[3.982s] reading manifest file 'build/my_package/my_package.egg-info/SOURCES.txt'
[3.982s] adding license file 'LICENSE'
[3.991s] writing manifest file 'build/my_package/my_package.egg-info/SOURCES.txt'
[3.991s] running build
[3.992s] running build_py
[3.992s] creating /home/eduardo/Desktop/assignment/Robotics-Group-10/my_package/build/my_package/build
[3.992s] creating /home/eduardo/Desktop/assignment/Robotics-Group-10/my_package/build/my_package/build/lib
[3.992s] creating /home/eduardo/Desktop/assignment/Robotics-Group-10/my_package/build/my_package/build/lib/my_package
[3.993s] copying my_package/__init__.py -> /home/eduardo/Desktop/assignment/Robotics-Group-10/my_package/build/my_package/build/lib/my_package
[3.993s] copying my_package/my_robot_driver.py -> /home/eduardo/Desktop/assignment/Robotics-Group-10/my_package/build/my_package/build/lib/my_package
[3.995s] running install
[4.006s] running install_lib
[4.063s] creating /home/eduardo/Desktop/assignment/Robotics-Group-10/my_package/install/my_package/lib/python3.12/site-packages/my_package
[4.063s] copying /home/eduardo/Desktop/assignment/Robotics-Group-10/my_package/build/my_package/build/lib/my_package/__init__.py -> /home/eduardo/Desktop/assignment/Robotics-Group-10/my_package/install/my_package/lib/python3.12/site-packages/my_package
[4.063s] copying /home/eduardo/Desktop/assignment/Robotics-Group-10/my_package/build/my_package/build/lib/my_package/my_robot_driver.py -> /home/eduardo/Desktop/assignment/Robotics-Group-10/my_package/install/my_package/lib/python3.12/site-packages/my_package
[4.065s] byte-compiling /home/eduardo/Desktop/assignment/Robotics-Group-10/my_package/install/my_package/lib/python3.12/site-packages/my_package/__init__.py to __init__.cpython-312.pyc
[4.066s] byte-compiling /home/eduardo/Desktop/assignment/Robotics-Group-10/my_package/install/my_package/lib/python3.12/site-packages/my_package/my_robot_driver.py to my_robot_driver.cpython-312.pyc
[4.068s] running install_data
[4.068s] creating /home/eduardo/Desktop/assignment/Robotics-Group-10/my_package/install/my_package/share/ament_index
[4.069s] creating /home/eduardo/Desktop/assignment/Robotics-Group-10/my_package/install/my_package/share/ament_index/resource_index
[4.069s] creating /home/eduardo/Desktop/assignment/Robotics-Group-10/my_package/install/my_package/share/ament_index/resource_index/packages
[4.070s] copying resource/my_package -> /home/eduardo/Desktop/assignment/Robotics-Group-10/my_package/install/my_package/share/ament_index/resource_index/packages
[4.070s] creating /home/eduardo/Desktop/assignment/Robotics-Group-10/my_package/install/my_package/share/my_package/launch
[4.070s] copying launch/robot_launch.py -> /home/eduardo/Desktop/assignment/Robotics-Group-10/my_package/install/my_package/share/my_package/launch
[4.071s] creating /home/eduardo/Desktop/assignment/Robotics-Group-10/my_package/install/my_package/share/my_package/worlds
[4.071s] copying worlds/my_world.wbt -> /home/eduardo/Desktop/assignment/Robotics-Group-10/my_package/install/my_package/share/my_package/worlds
[4.072s] creating /home/eduardo/Desktop/assignment/Robotics-Group-10/my_package/install/my_package/share/my_package/resource
[4.072s] copying resource/my_robot.urdf -> /home/eduardo/Desktop/assignment/Robotics-Group-10/my_package/install/my_package/share/my_package/resource
[4.072s] copying package.xml -> /home/eduardo/Desktop/assignment/Robotics-Group-10/my_package/install/my_package/share/my_package
[4.072s] running install_egg_info
[4.120s] Copying build/my_package/my_package.egg-info to /home/eduardo/Desktop/assignment/Robotics-Group-10/my_package/install/my_package/lib/python3.12/site-packages/my_package-0.0.0-py3.12.egg-info
[4.126s] running install_scripts
[4.380s] Installing my_robot_driver script to /home/eduardo/Desktop/assignment/Robotics-Group-10/my_package/install/my_package/lib/my_package
[4.381s] writing list of installed files to '/home/eduardo/Desktop/assignment/Robotics-Group-10/my_package/build/my_package/install.log'
[4.436s] Invoked command in '/home/eduardo/Desktop/assignment/Robotics-Group-10/my_package' returned '0': DEBUGINFOD_URLS=https://debuginfod.ubuntu.com PYTHONPATH=/home/eduardo/Desktop/assignment/Robotics-Group-10/my_package/build/my_package/prefix_override:/usr/lib/python3/dist-packages/colcon_core/task/python/colcon_distutils_commands:/home/eduardo/Desktop/assignment/Robotics-Group-10/my_package/install/my_package/lib/python3.12/site-packages:${PYTHONPATH} /usr/bin/python3 -W ignore:setup.py install is deprecated setup.py egg_info --egg-base build/my_package build --build-base /home/eduardo/Desktop/assignment/Robotics-Group-10/my_package/build/my_package/build install --record /home/eduardo/Desktop/assignment/Robotics-Group-10/my_package/build/my_package/install.log --single-version-externally-managed install_data
