[1.001s] Invoking command in '/home/eduardo/Desktop/assignment/Robotics-Group-10/my_package': DEBUGINFOD_URLS=https://debuginfod.ubuntu.com PYTHONPATH=/home/eduardo/Desktop/assignment/Robotics-Group-10/my_package/build/my_package/prefix_override:/usr/lib/python3/dist-packages/colcon_core/task/python/colcon_distutils_commands:/home/eduardo/Desktop/assignment/Robotics-Group-10/my_package/install/my_package/lib/python3.12/site-packages:${PYTHONPATH} /usr/bin/python3 -W ignore:setup.py install is deprecated setup.py egg_info --egg-base build/my_package build --build-base /home/eduardo/Desktop/assignment/Robotics-Group-10/my_package/build/my_package/build install --record /home/eduardo/Desktop/assignment/Robotics-Group-10/my_package/build/my_package/install.log --single-version-externally-managed install_data
[1.242s] running egg_info
[1.286s] writing build/my_package/my_package.egg-info/PKG-INFO
[1.288s] writing dependency_links to build/my_package/my_package.egg-info/dependency_links.txt
[1.289s] writing entry points to build/my_package/my_package.egg-info/entry_points.txt
[1.289s] writing requirements to build/my_package/my_package.egg-info/requires.txt
[1.292s] writing top-level names to build/my_package/my_package.egg-info/top_level.txt
[1.336s] reading manifest file 'build/my_package/my_package.egg-info/SOURCES.txt'
[1.336s] adding license file 'LICENSE'
[1.337s] writing manifest file 'build/my_package/my_package.egg-info/SOURCES.txt'
[1.337s] running build
[1.338s] running build_py
[1.338s] running install
[1.345s] running install_lib
[1.370s] running install_data
[1.371s] copying worlds/my_world.wbt -> /home/eduardo/Desktop/assignment/Robotics-Group-10/my_package/install/my_package/share/my_package/worlds
[1.371s] running install_egg_info
[1.400s] removing '/home/eduardo/Desktop/assignment/Robotics-Group-10/my_package/install/my_package/lib/python3.12/site-packages/my_package-0.0.0-py3.12.egg-info' (and everything under it)
[1.400s] Copying build/my_package/my_package.egg-info to /home/eduardo/Desktop/assignment/Robotics-Group-10/my_package/install/my_package/lib/python3.12/site-packages/my_package-0.0.0-py3.12.egg-info
[1.401s] running install_scripts
[1.553s] Installing my_robot_driver script to /home/eduardo/Desktop/assignment/Robotics-Group-10/my_package/install/my_package/lib/my_package
[1.554s] writing list of installed files to '/home/eduardo/Desktop/assignment/Robotics-Group-10/my_package/build/my_package/install.log'
[1.596s] Invoked command in '/home/eduardo/Desktop/assignment/Robotics-Group-10/my_package' returned '0': DEBUGINFOD_URLS=https://debuginfod.ubuntu.com PYTHONPATH=/home/eduardo/Desktop/assignment/Robotics-Group-10/my_package/build/my_package/prefix_override:/usr/lib/python3/dist-packages/colcon_core/task/python/colcon_distutils_commands:/home/eduardo/Desktop/assignment/Robotics-Group-10/my_package/install/my_package/lib/python3.12/site-packages:${PYTHONPATH} /usr/bin/python3 -W ignore:setup.py install is deprecated setup.py egg_info --egg-base build/my_package build --build-base /home/eduardo/Desktop/assignment/Robotics-Group-10/my_package/build/my_package/build install --record /home/eduardo/Desktop/assignment/Robotics-Group-10/my_package/build/my_package/install.log --single-version-externally-managed install_data
