/home/eduardo/Desktop/assignment/Robotics-Group-10/my_package/install/my_package/lib/python3.12/site-packages/my_package/stationary_scan_node.py
/home/eduardo/Desktop/assignment/Robotics-Group-10/my_package/install/my_package/lib/python3.12/site-packages/my_package/supervisor.py
/home/eduardo/Desktop/assignment/Robotics-Group-10/my_package/install/my_package/lib/python3.12/site-packages/my_package/__init__.py
/home/eduardo/Desktop/assignment/Robotics-Group-10/my_package/install/my_package/lib/python3.12/site-packages/my_package/spawn_red_cube.py
/home/eduardo/Desktop/assignment/Robotics-Group-10/my_package/install/my_package/lib/python3.12/site-packages/my_package/my_robot_driver.py
/home/eduardo/Desktop/assignment/Robotics-Group-10/my_package/install/my_package/lib/python3.12/site-packages/my_package/__pycache__/stationary_scan_node.cpython-312.pyc
/home/eduardo/Desktop/assignment/Robotics-Group-10/my_package/install/my_package/lib/python3.12/site-packages/my_package/__pycache__/supervisor.cpython-312.pyc
/home/eduardo/Desktop/assignment/Robotics-Group-10/my_package/install/my_package/lib/python3.12/site-packages/my_package/__pycache__/__init__.cpython-312.pyc
/home/eduardo/Desktop/assignment/Robotics-Group-10/my_package/install/my_package/lib/python3.12/site-packages/my_package/__pycache__/spawn_red_cube.cpython-312.pyc
/home/eduardo/Desktop/assignment/Robotics-Group-10/my_package/install/my_package/lib/python3.12/site-packages/my_package/__pycache__/my_robot_driver.cpython-312.pyc
/home/eduardo/Desktop/assignment/Robotics-Group-10/my_package/install/my_package/share/ament_index/resource_index/packages/my_package
/home/eduardo/Desktop/assignment/Robotics-Group-10/my_package/install/my_package/share/my_package/launch/robot_launch.py
/home/eduardo/Desktop/assignment/Robotics-Group-10/my_package/install/my_package/share/my_package/worlds/my_world.wbt
/home/eduardo/Desktop/assignment/Robotics-Group-10/my_package/install/my_package/share/my_package/resource/my_robot.urdf
/home/eduardo/Desktop/assignment/Robotics-Group-10/my_package/install/my_package/share/my_package/package.xml
/home/eduardo/Desktop/assignment/Robotics-Group-10/my_package/install/my_package/lib/python3.12/site-packages/my_package-0.0.0-py3.12.egg-info/dependency_links.txt
/home/eduardo/Desktop/assignment/Robotics-Group-10/my_package/install/my_package/lib/python3.12/site-packages/my_package-0.0.0-py3.12.egg-info/PKG-INFO
/home/eduardo/Desktop/assignment/Robotics-Group-10/my_package/install/my_package/lib/python3.12/site-packages/my_package-0.0.0-py3.12.egg-info/SOURCES.txt
/home/eduardo/Desktop/assignment/Robotics-Group-10/my_package/install/my_package/lib/python3.12/site-packages/my_package-0.0.0-py3.12.egg-info/entry_points.txt
/home/eduardo/Desktop/assignment/Robotics-Group-10/my_package/install/my_package/lib/python3.12/site-packages/my_package-0.0.0-py3.12.egg-info/requires.txt
/home/eduardo/Desktop/assignment/Robotics-Group-10/my_package/install/my_package/lib/python3.12/site-packages/my_package-0.0.0-py3.12.egg-info/top_level.txt
/home/eduardo/Desktop/assignment/Robotics-Group-10/my_package/install/my_package/lib/python3.12/site-packages/my_package-0.0.0-py3.12.egg-info/zip-safe
/home/eduardo/Desktop/assignment/Robotics-Group-10/my_package/install/my_package/lib/my_package/my_robot_driver
