[2.135s] Invoking command in '/home/eduardo/Desktop/assignment/Robotics-Group-10/my_package': DEBUGINFOD_URLS=https://debuginfod.ubuntu.com PYTHONPATH=/home/eduardo/Desktop/assignment/Robotics-Group-10/build/my_package/prefix_override:/usr/lib/python3/dist-packages/colcon_core/task/python/colcon_distutils_commands:/home/eduardo/Desktop/assignment/Robotics-Group-10/install/my_package/lib/python3.12/site-packages:${PYTHONPATH} /usr/bin/python3 -W ignore:setup.py install is deprecated setup.py egg_info --egg-base ../build/my_package build --build-base /home/eduardo/Desktop/assignment/Robotics-Group-10/build/my_package/build install --record /home/eduardo/Desktop/assignment/Robotics-Group-10/build/my_package/install.log --single-version-externally-managed install_data
[2.483s] running egg_info
[2.483s] creating ../build/my_package/my_package.egg-info
[2.507s] writing ../build/my_package/my_package.egg-info/PKG-INFO
[2.508s] writing dependency_links to ../build/my_package/my_package.egg-info/dependency_links.txt
[2.508s] writing entry points to ../build/my_package/my_package.egg-info/entry_points.txt
[2.508s] writing requirements to ../build/my_package/my_package.egg-info/requires.txt
[2.509s] writing top-level names to ../build/my_package/my_package.egg-info/top_level.txt
[2.509s] writing manifest file '../build/my_package/my_package.egg-info/SOURCES.txt'
[2.570s] reading manifest file '../build/my_package/my_package.egg-info/SOURCES.txt'
[2.570s] adding license file 'LICENSE'
[2.571s] writing manifest file '../build/my_package/my_package.egg-info/SOURCES.txt'
[2.571s] running build
[2.571s] running build_py
[2.572s] creating /home/eduardo/Desktop/assignment/Robotics-Group-10/build/my_package/build
[2.572s] creating /home/eduardo/Desktop/assignment/Robotics-Group-10/build/my_package/build/lib
[2.572s] creating /home/eduardo/Desktop/assignment/Robotics-Group-10/build/my_package/build/lib/my_package
[2.572s] copying my_package/supervisor.py -> /home/eduardo/Desktop/assignment/Robotics-Group-10/build/my_package/build/lib/my_package
[2.573s] copying my_package/__init__.py -> /home/eduardo/Desktop/assignment/Robotics-Group-10/build/my_package/build/lib/my_package
[2.574s] copying my_package/spawn_red_cube.py -> /home/eduardo/Desktop/assignment/Robotics-Group-10/build/my_package/build/lib/my_package
[2.575s] copying my_package/my_robot_driver.py -> /home/eduardo/Desktop/assignment/Robotics-Group-10/build/my_package/build/lib/my_package
[2.576s] running install
[2.582s] running install_lib
[2.608s] creating /home/eduardo/Desktop/assignment/Robotics-Group-10/install/my_package/lib/python3.12/site-packages/my_package
[2.608s] copying /home/eduardo/Desktop/assignment/Robotics-Group-10/build/my_package/build/lib/my_package/supervisor.py -> /home/eduardo/Desktop/assignment/Robotics-Group-10/install/my_package/lib/python3.12/site-packages/my_package
[2.609s] copying /home/eduardo/Desktop/assignment/Robotics-Group-10/build/my_package/build/lib/my_package/__init__.py -> /home/eduardo/Desktop/assignment/Robotics-Group-10/install/my_package/lib/python3.12/site-packages/my_package
[2.609s] copying /home/eduardo/Desktop/assignment/Robotics-Group-10/build/my_package/build/lib/my_package/spawn_red_cube.py -> /home/eduardo/Desktop/assignment/Robotics-Group-10/install/my_package/lib/python3.12/site-packages/my_package
[2.609s] copying /home/eduardo/Desktop/assignment/Robotics-Group-10/build/my_package/build/lib/my_package/my_robot_driver.py -> /home/eduardo/Desktop/assignment/Robotics-Group-10/install/my_package/lib/python3.12/site-packages/my_package
[2.610s] byte-compiling /home/eduardo/Desktop/assignment/Robotics-Group-10/install/my_package/lib/python3.12/site-packages/my_package/supervisor.py to supervisor.cpython-312.pyc
[2.611s] byte-compiling /home/eduardo/Desktop/assignment/Robotics-Group-10/install/my_package/lib/python3.12/site-packages/my_package/__init__.py to __init__.cpython-312.pyc
[2.611s] byte-compiling /home/eduardo/Desktop/assignment/Robotics-Group-10/install/my_package/lib/python3.12/site-packages/my_package/spawn_red_cube.py to spawn_red_cube.cpython-312.pyc
[2.612s] byte-compiling /home/eduardo/Desktop/assignment/Robotics-Group-10/install/my_package/lib/python3.12/site-packages/my_package/my_robot_driver.py to my_robot_driver.cpython-312.pyc
[2.613s] running install_data
[2.613s] creating /home/eduardo/Desktop/assignment/Robotics-Group-10/install/my_package/share/ament_index
[2.613s] creating /home/eduardo/Desktop/assignment/Robotics-Group-10/install/my_package/share/ament_index/resource_index
[2.613s] creating /home/eduardo/Desktop/assignment/Robotics-Group-10/install/my_package/share/ament_index/resource_index/packages
[2.614s] copying resource/my_package -> /home/eduardo/Desktop/assignment/Robotics-Group-10/install/my_package/share/ament_index/resource_index/packages
[2.614s] creating /home/eduardo/Desktop/assignment/Robotics-Group-10/install/my_package/share/my_package/launch
[2.614s] copying launch/robot_launch.py -> /home/eduardo/Desktop/assignment/Robotics-Group-10/install/my_package/share/my_package/launch
[2.615s] creating /home/eduardo/Desktop/assignment/Robotics-Group-10/install/my_package/share/my_package/worlds
[2.615s] copying worlds/my_world.wbt -> /home/eduardo/Desktop/assignment/Robotics-Group-10/install/my_package/share/my_package/worlds
[2.616s] creating /home/eduardo/Desktop/assignment/Robotics-Group-10/install/my_package/share/my_package/resource
[2.616s] copying resource/my_robot.urdf -> /home/eduardo/Desktop/assignment/Robotics-Group-10/install/my_package/share/my_package/resource
[2.617s] copying package.xml -> /home/eduardo/Desktop/assignment/Robotics-Group-10/install/my_package/share/my_package
[2.618s] running install_egg_info
[2.649s] Copying ../build/my_package/my_package.egg-info to /home/eduardo/Desktop/assignment/Robotics-Group-10/install/my_package/lib/python3.12/site-packages/my_package-0.0.0-py3.12.egg-info
[2.651s] running install_scripts
[2.817s] Installing my_robot_driver script to /home/eduardo/Desktop/assignment/Robotics-Group-10/install/my_package/lib/my_package
[2.817s] writing list of installed files to '/home/eduardo/Desktop/assignment/Robotics-Group-10/build/my_package/install.log'
[2.862s] Invoked command in '/home/eduardo/Desktop/assignment/Robotics-Group-10/my_package' returned '0': DEBUGINFOD_URLS=https://debuginfod.ubuntu.com PYTHONPATH=/home/eduardo/Desktop/assignment/Robotics-Group-10/build/my_package/prefix_override:/usr/lib/python3/dist-packages/colcon_core/task/python/colcon_distutils_commands:/home/eduardo/Desktop/assignment/Robotics-Group-10/install/my_package/lib/python3.12/site-packages:${PYTHONPATH} /usr/bin/python3 -W ignore:setup.py install is deprecated setup.py egg_info --egg-base ../build/my_package build --build-base /home/eduardo/Desktop/assignment/Robotics-Group-10/build/my_package/build install --record /home/eduardo/Desktop/assignment/Robotics-Group-10/build/my_package/install.log --single-version-externally-managed install_data
