[0.987s] Invoking command in '/home/eduardo/Desktop/assignment/Robotics-Group-10/my_package': DEBUGINFOD_URLS=https://debuginfod.ubuntu.com PYTHONPATH=/home/eduardo/Desktop/assignment/Robotics-Group-10/build/my_package/prefix_override:/usr/lib/python3/dist-packages/colcon_core/task/python/colcon_distutils_commands:/home/eduardo/Desktop/assignment/Robotics-Group-10/install/my_package/lib/python3.12/site-packages:${PYTHONPATH} /usr/bin/python3 -W ignore:setup.py install is deprecated setup.py egg_info --egg-base ../build/my_package build --build-base /home/eduardo/Desktop/assignment/Robotics-Group-10/build/my_package/build install --record /home/eduardo/Desktop/assignment/Robotics-Group-10/build/my_package/install.log --single-version-externally-managed install_data
[1.306s] running egg_info
[1.329s] writing ../build/my_package/my_package.egg-info/PKG-INFO
[1.329s] writing dependency_links to ../build/my_package/my_package.egg-info/dependency_links.txt
[1.329s] writing entry points to ../build/my_package/my_package.egg-info/entry_points.txt
[1.331s] writing requirements to ../build/my_package/my_package.egg-info/requires.txt
[1.331s] writing top-level names to ../build/my_package/my_package.egg-info/top_level.txt
[1.383s] reading manifest file '../build/my_package/my_package.egg-info/SOURCES.txt'
[1.384s] adding license file 'LICENSE'
[1.384s] writing manifest file '../build/my_package/my_package.egg-info/SOURCES.txt'
[1.385s] running build
[1.385s] running build_py
[1.385s] running install
[1.391s] running install_lib
[1.414s] running install_data
[1.415s] copying worlds/my_world.wbt -> /home/eduardo/Desktop/assignment/Robotics-Group-10/install/my_package/share/my_package/worlds
[1.415s] running install_egg_info
[1.439s] removing '/home/eduardo/Desktop/assignment/Robotics-Group-10/install/my_package/lib/python3.12/site-packages/my_package-0.0.0-py3.12.egg-info' (and everything under it)
[1.440s] Copying ../build/my_package/my_package.egg-info to /home/eduardo/Desktop/assignment/Robotics-Group-10/install/my_package/lib/python3.12/site-packages/my_package-0.0.0-py3.12.egg-info
[1.442s] running install_scripts
[1.614s] Installing my_robot_driver script to /home/eduardo/Desktop/assignment/Robotics-Group-10/install/my_package/lib/my_package
[1.615s] writing list of installed files to '/home/eduardo/Desktop/assignment/Robotics-Group-10/build/my_package/install.log'
[1.649s] Invoked command in '/home/eduardo/Desktop/assignment/Robotics-Group-10/my_package' returned '0': DEBUGINFOD_URLS=https://debuginfod.ubuntu.com PYTHONPATH=/home/eduardo/Desktop/assignment/Robotics-Group-10/build/my_package/prefix_override:/usr/lib/python3/dist-packages/colcon_core/task/python/colcon_distutils_commands:/home/eduardo/Desktop/assignment/Robotics-Group-10/install/my_package/lib/python3.12/site-packages:${PYTHONPATH} /usr/bin/python3 -W ignore:setup.py install is deprecated setup.py egg_info --egg-base ../build/my_package build --build-base /home/eduardo/Desktop/assignment/Robotics-Group-10/build/my_package/build install --record /home/eduardo/Desktop/assignment/Robotics-Group-10/build/my_package/install.log --single-version-externally-managed install_data
