[0.928s] Invoking command in '/home/eduardo/Desktop/assignment/Robotics-Group-10/my_package': DEBUGINFOD_URLS=https://debuginfod.ubuntu.com PYTHONPATH=/home/eduardo/Desktop/assignment/Robotics-Group-10/build/my_package/prefix_override:/usr/lib/python3/dist-packages/colcon_core/task/python/colcon_distutils_commands:/home/eduardo/Desktop/assignment/Robotics-Group-10/install/my_package/lib/python3.12/site-packages:${PYTHONPATH} /usr/bin/python3 -W ignore:setup.py install is deprecated setup.py egg_info --egg-base ../build/my_package build --build-base /home/eduardo/Desktop/assignment/Robotics-Group-10/build/my_package/build install --record /home/eduardo/Desktop/assignment/Robotics-Group-10/build/my_package/install.log --single-version-externally-managed install_data
[1.228s] running egg_info
[1.248s] writing ../build/my_package/my_package.egg-info/PKG-INFO
[1.249s] writing dependency_links to ../build/my_package/my_package.egg-info/dependency_links.txt
[1.249s] writing entry points to ../build/my_package/my_package.egg-info/entry_points.txt
[1.249s] writing requirements to ../build/my_package/my_package.egg-info/requires.txt
[1.250s] writing top-level names to ../build/my_package/my_package.egg-info/top_level.txt
[1.301s] reading manifest file '../build/my_package/my_package.egg-info/SOURCES.txt'
[1.301s] adding license file 'LICENSE'
[1.302s] writing manifest file '../build/my_package/my_package.egg-info/SOURCES.txt'
[1.302s] running build
[1.302s] running build_py
[1.303s] running install
[1.312s] running install_lib
[1.332s] running install_data
[1.333s] running install_egg_info
[1.355s] removing '/home/eduardo/Desktop/assignment/Robotics-Group-10/install/my_package/lib/python3.12/site-packages/my_package-0.0.0-py3.12.egg-info' (and everything under it)
[1.355s] Copying ../build/my_package/my_package.egg-info to /home/eduardo/Desktop/assignment/Robotics-Group-10/install/my_package/lib/python3.12/site-packages/my_package-0.0.0-py3.12.egg-info
[1.357s] running install_scripts
[1.519s] Installing my_robot_driver script to /home/eduardo/Desktop/assignment/Robotics-Group-10/install/my_package/lib/my_package
[1.520s] writing list of installed files to '/home/eduardo/Desktop/assignment/Robotics-Group-10/build/my_package/install.log'
[1.560s] Invoked command in '/home/eduardo/Desktop/assignment/Robotics-Group-10/my_package' returned '0': DEBUGINFOD_URLS=https://debuginfod.ubuntu.com PYTHONPATH=/home/eduardo/Desktop/assignment/Robotics-Group-10/build/my_package/prefix_override:/usr/lib/python3/dist-packages/colcon_core/task/python/colcon_distutils_commands:/home/eduardo/Desktop/assignment/Robotics-Group-10/install/my_package/lib/python3.12/site-packages:${PYTHONPATH} /usr/bin/python3 -W ignore:setup.py install is deprecated setup.py egg_info --egg-base ../build/my_package build --build-base /home/eduardo/Desktop/assignment/Robotics-Group-10/build/my_package/build install --record /home/eduardo/Desktop/assignment/Robotics-Group-10/build/my_package/install.log --single-version-externally-managed install_data
