[0.996s] Invoking command in '/home/eduardo/Desktop/assignment/Robotics-Group-10/my_package': DEBUGINFOD_URLS=https://debuginfod.ubuntu.com PYTHONPATH=/home/eduardo/Desktop/assignment/Robotics-Group-10/build/my_package/prefix_override:/usr/lib/python3/dist-packages/colcon_core/task/python/colcon_distutils_commands:/home/eduardo/Desktop/assignment/Robotics-Group-10/install/my_package/lib/python3.12/site-packages:${PYTHONPATH} /usr/bin/python3 -W ignore:setup.py install is deprecated setup.py egg_info --egg-base ../build/my_package build --build-base /home/eduardo/Desktop/assignment/Robotics-Group-10/build/my_package/build install --record /home/eduardo/Desktop/assignment/Robotics-Group-10/build/my_package/install.log --single-version-externally-managed install_data
[1.287s] running egg_info
[1.337s] writing ../build/my_package/my_package.egg-info/PKG-INFO
[1.338s] writing dependency_links to ../build/my_package/my_package.egg-info/dependency_links.txt
[1.338s] writing entry points to ../build/my_package/my_package.egg-info/entry_points.txt
[1.339s] writing requirements to ../build/my_package/my_package.egg-info/requires.txt
[1.339s] writing top-level names to ../build/my_package/my_package.egg-info/top_level.txt
[1.406s] reading manifest file '../build/my_package/my_package.egg-info/SOURCES.txt'
[1.406s] adding license file 'LICENSE'
[1.408s] writing manifest file '../build/my_package/my_package.egg-info/SOURCES.txt'
[1.408s] running build
[1.408s] running build_py
[1.409s] running install
[1.415s] running install_lib
[1.444s] running install_data
[1.444s] copying worlds/my_world.wbt -> /home/eduardo/Desktop/assignment/Robotics-Group-10/install/my_package/share/my_package/worlds
[1.445s] running install_egg_info
[1.474s] removing '/home/eduardo/Desktop/assignment/Robotics-Group-10/install/my_package/lib/python3.12/site-packages/my_package-0.0.0-py3.12.egg-info' (and everything under it)
[1.475s] Copying ../build/my_package/my_package.egg-info to /home/eduardo/Desktop/assignment/Robotics-Group-10/install/my_package/lib/python3.12/site-packages/my_package-0.0.0-py3.12.egg-info
[1.476s] running install_scripts
[1.664s] Installing my_robot_driver script to /home/eduardo/Desktop/assignment/Robotics-Group-10/install/my_package/lib/my_package
[1.665s] writing list of installed files to '/home/eduardo/Desktop/assignment/Robotics-Group-10/build/my_package/install.log'
[1.699s] Invoked command in '/home/eduardo/Desktop/assignment/Robotics-Group-10/my_package' returned '0': DEBUGINFOD_URLS=https://debuginfod.ubuntu.com PYTHONPATH=/home/eduardo/Desktop/assignment/Robotics-Group-10/build/my_package/prefix_override:/usr/lib/python3/dist-packages/colcon_core/task/python/colcon_distutils_commands:/home/eduardo/Desktop/assignment/Robotics-Group-10/install/my_package/lib/python3.12/site-packages:${PYTHONPATH} /usr/bin/python3 -W ignore:setup.py install is deprecated setup.py egg_info --egg-base ../build/my_package build --build-base /home/eduardo/Desktop/assignment/Robotics-Group-10/build/my_package/build install --record /home/eduardo/Desktop/assignment/Robotics-Group-10/build/my_package/install.log --single-version-externally-managed install_data
